[DEBUG] Known miRNAS have been filtered out from BED.
[DEBUG] CDS have been filtered out from BED.
[DEBUG] Other RNA have been filtered out from BED.
[DEBUG] Multi_mapped reads have been filtered out from BED.
[DEBUG] Treat known miRNAs.
[DEBUG] ..... BEDPipeline : store_known_mirnas_as_candidate_objects
[DEBUG] .......... $name : 88
[DEBUG] .......... $data : 11103
[DEBUG] .......... @field : 1224
[DEBUG] .......... @args : 64
[DEBUG] .......... $gff_file : 104
[DEBUG] .......... $bed_file : 128
[DEBUG] .......... $cfg : 4534
[DEBUG] .......... $species : 64
[DEBUG] .......... $BED : 311
[DEBUG] .......... $id : 88
[DEBUG] .......... $self : 58337
[DEBUG] .......... $precursor_reads : 56
[DEBUG] .......... $mature_reads : 24
[DEBUG] .......... $precursor_of_mature : 71642
[DEBUG] .......... $job_dir : 104
[DEBUG] .......... $GFF : 311
[DEBUG] .......... $candidates_dir : 112
[DEBUG] .......... $reads_dir : 112
[DEBUG] .................... TOTAL : 148406
[DEBUG] Extracting sequences from genome using BED clusters
[DEBUG] ..... ClusterBuilder : build_loci
[DEBUG] .......... $parsed_bed : 247979
[DEBUG] .......... $trains_hash : 24
[DEBUG] .......... $cluster_job : 54213
[DEBUG] .......... $loci : 29112
[DEBUG] .......... $putative_miRna : 24
[DEBUG] .......... $spikes : 24
[DEBUG] .......... $reads : 181070
[DEBUG] .......... $this : 302401
[DEBUG] .................... TOTAL : 814847
[DEBUG] ..... BEDPipeline : init_sequences()
[DEBUG] .......... $clustering : 302401
[DEBUG] .......... $self : 331154
[DEBUG] .......... @args : 64
[DEBUG] .................... TOTAL : 633619
[DEBUG] 12 sequences to process
[DEBUG] - Considering chromosome 1
[DEBUG]   - Considering sequence 0
[DEBUG]      Processing RNAstemloop output for optimal /vagrant/cgi-bin/t/functional/output/fullpipeline-bed/workspace/1/18066-18338+/rnastemloop_optimal
[DEBUG]      Running RNAeval in /vagrant/cgi-bin/t/functional/output/fullpipeline-bed/workspace/1/18066-18338+/rnaeval_optimal.out
[DEBUG]      Processing RNAstemloop output for stemloop /vagrant/cgi-bin/t/functional/output/fullpipeline-bed/workspace/1/18066-18338+/rnastemloop_stemloop
[DEBUG]      Running RNAeval in /vagrant/cgi-bin/t/functional/output/fullpipeline-bed/workspace/1/18066-18338+/rnaeval_stemloop.out
[DEBUG]      Processing RNAstemloop ( /vagrant/cgi-bin/t/functional/output/fullpipeline-bed/workspace/1/18066-18338+/rnastemloop_stemloop, /vagrant/cgi-bin/t/functional/output/fullpipeline-bed/workspace/1/18066-18338+/rnaeval_optimal.out, /vagrant/cgi-bin/t/functional/output/fullpipeline-bed/workspace/1/18066-18338+/rnaeval_stemloop.out )
[DEBUG] ..... HairpinBuilder : build_hairpins
[DEBUG] .......... $working_chr_dir : 112
[DEBUG] .......... $rnaeval_out_optimal : 144
[DEBUG] .......... @sorted_new_candidates : 2540
[DEBUG] .......... $rnalfold_output_filename : 56
[DEBUG] .......... $chr : 75
[DEBUG] .......... $output_stemloop : 144
[DEBUG] .......... $rnalfold_output_filepath : 136
[DEBUG] .......... $locus : 2120
[DEBUG] .......... $new_candidates : 2564
[DEBUG] .......... $working_dir : 120
[DEBUG] .......... $genomic_seq : 320
[DEBUG] .......... $rnaeval_out_stemloop : 144
[DEBUG] .......... $output_stemloop_opt : 144
[DEBUG] .......... $this : 301426
[DEBUG] .................... TOTAL : 310045
[DEBUG] ..... BEDPipeline : compute_candidates() (boucle sur chrom and sequences)
[DEBUG] .......... $self : 331396
[DEBUG] .......... @args : 64
[DEBUG] .......... $chr : 75
[DEBUG] .......... $locus : 2120
[DEBUG] .......... @hairpin_candidates_for_chr : 2540
[DEBUG] .......... $loci_for_chr : 28081
[DEBUG] .......... $sequence_identifier : 64
[DEBUG] .......... $hairpinBuilder : 301426
[DEBUG] .................... TOTAL : 665766
[DEBUG]   - Considering sequence 1
[DEBUG]      Processing RNAstemloop output for optimal /vagrant/cgi-bin/t/functional/output/fullpipeline-bed/workspace/1/28435-28755+/rnastemloop_optimal
[DEBUG]      Running RNAeval in /vagrant/cgi-bin/t/functional/output/fullpipeline-bed/workspace/1/28435-28755+/rnaeval_optimal.out
[DEBUG]      Processing RNAstemloop output for stemloop /vagrant/cgi-bin/t/functional/output/fullpipeline-bed/workspace/1/28435-28755+/rnastemloop_stemloop
[DEBUG]      Running RNAeval in /vagrant/cgi-bin/t/functional/output/fullpipeline-bed/workspace/1/28435-28755+/rnaeval_stemloop.out
[DEBUG]      Processing RNAstemloop ( /vagrant/cgi-bin/t/functional/output/fullpipeline-bed/workspace/1/28435-28755+/rnastemloop_stemloop, /vagrant/cgi-bin/t/functional/output/fullpipeline-bed/workspace/1/28435-28755+/rnaeval_optimal.out, /vagrant/cgi-bin/t/functional/output/fullpipeline-bed/workspace/1/28435-28755+/rnaeval_stemloop.out )
[DEBUG] ..... HairpinBuilder : build_hairpins
[DEBUG] .......... $working_chr_dir : 112
[DEBUG] .......... $rnaeval_out_optimal : 144
[DEBUG] .......... @sorted_new_candidates : 2841
[DEBUG] .......... $rnalfold_output_filename : 56
[DEBUG] .......... $chr : 75
[DEBUG] .......... $output_stemloop : 144
[DEBUG] .......... $rnalfold_output_filepath : 136
[DEBUG] .......... $locus : 2388
[DEBUG] .......... $new_candidates : 2865
[DEBUG] .......... $working_dir : 120
[DEBUG] .......... $genomic_seq : 368
[DEBUG] .......... $rnaeval_out_stemloop : 144
[DEBUG] .......... $output_stemloop_opt : 144
[DEBUG] .......... $this : 301426
[DEBUG] .................... TOTAL : 310963
[DEBUG] ..... BEDPipeline : compute_candidates() (boucle sur chrom and sequences)
[DEBUG] .......... $self : 331436
[DEBUG] .......... @args : 64
[DEBUG] .......... $chr : 75
[DEBUG] .......... $locus : 2388
[DEBUG] .......... @hairpin_candidates_for_chr : 4715
[DEBUG] .......... $loci_for_chr : 28121
[DEBUG] .......... $sequence_identifier : 64
[DEBUG] .......... $hairpinBuilder : 301426
[DEBUG] .................... TOTAL : 668289
[DEBUG]   - Considering sequence 2
[DEBUG]      Processing RNAstemloop output for optimal /vagrant/cgi-bin/t/functional/output/fullpipeline-bed/workspace/1/55821-56324-/rnastemloop_optimal
[DEBUG]      Running RNAeval in /vagrant/cgi-bin/t/functional/output/fullpipeline-bed/workspace/1/55821-56324-/rnaeval_optimal.out
[DEBUG]      Processing RNAstemloop output for stemloop /vagrant/cgi-bin/t/functional/output/fullpipeline-bed/workspace/1/55821-56324-/rnastemloop_stemloop
[DEBUG]      Running RNAeval in /vagrant/cgi-bin/t/functional/output/fullpipeline-bed/workspace/1/55821-56324-/rnaeval_stemloop.out
[DEBUG]      Processing RNAstemloop ( /vagrant/cgi-bin/t/functional/output/fullpipeline-bed/workspace/1/55821-56324-/rnastemloop_stemloop, /vagrant/cgi-bin/t/functional/output/fullpipeline-bed/workspace/1/55821-56324-/rnaeval_optimal.out, /vagrant/cgi-bin/t/functional/output/fullpipeline-bed/workspace/1/55821-56324-/rnaeval_stemloop.out )
[DEBUG] ..... HairpinBuilder : build_hairpins
[DEBUG] .......... $working_chr_dir : 112
[DEBUG] .......... $rnaeval_out_optimal : 144
[DEBUG] .......... @sorted_new_candidates : 3322
[DEBUG] .......... $rnalfold_output_filename : 56
[DEBUG] .......... $chr : 75
[DEBUG] .......... $output_stemloop : 144
[DEBUG] .......... $rnalfold_output_filepath : 136
[DEBUG] .......... $locus : 2120
[DEBUG] .......... $new_candidates : 3346
[DEBUG] .......... $working_dir : 120
[DEBUG] .......... $genomic_seq : 552
[DEBUG] .......... $rnaeval_out_stemloop : 144
[DEBUG] .......... $output_stemloop_opt : 144
[DEBUG] .......... $this : 301450
[DEBUG] .................... TOTAL : 311865
[DEBUG] ..... BEDPipeline : compute_candidates() (boucle sur chrom and sequences)
[DEBUG] .......... $self : 331500
[DEBUG] .......... @args : 64
[DEBUG] .......... $chr : 75
[DEBUG] .......... $locus : 2120
[DEBUG] .......... @hairpin_candidates_for_chr : 7371
[DEBUG] .......... $loci_for_chr : 28161
[DEBUG] .......... $sequence_identifier : 64
[DEBUG] .......... $hairpinBuilder : 301450
[DEBUG] .................... TOTAL : 670805
[DEBUG]   - Considering sequence 3
[DEBUG]      Processing RNAstemloop output for optimal /vagrant/cgi-bin/t/functional/output/fullpipeline-bed/workspace/1/56385-56643+/rnastemloop_optimal
[DEBUG]      Running RNAeval in /vagrant/cgi-bin/t/functional/output/fullpipeline-bed/workspace/1/56385-56643+/rnaeval_optimal.out
[DEBUG]      Processing RNAstemloop output for stemloop /vagrant/cgi-bin/t/functional/output/fullpipeline-bed/workspace/1/56385-56643+/rnastemloop_stemloop
[DEBUG]      Running RNAeval in /vagrant/cgi-bin/t/functional/output/fullpipeline-bed/workspace/1/56385-56643+/rnaeval_stemloop.out
[DEBUG]      Processing RNAstemloop ( /vagrant/cgi-bin/t/functional/output/fullpipeline-bed/workspace/1/56385-56643+/rnastemloop_stemloop, /vagrant/cgi-bin/t/functional/output/fullpipeline-bed/workspace/1/56385-56643+/rnaeval_optimal.out, /vagrant/cgi-bin/t/functional/output/fullpipeline-bed/workspace/1/56385-56643+/rnaeval_stemloop.out )
[DEBUG] ..... HairpinBuilder : build_hairpins
[DEBUG] .......... $working_chr_dir : 112
[DEBUG] .......... $rnaeval_out_optimal : 144
[DEBUG] .......... @sorted_new_candidates : 8136
[DEBUG] .......... $rnalfold_output_filename : 56
[DEBUG] .......... $chr : 75
[DEBUG] .......... $output_stemloop : 144
[DEBUG] .......... $rnalfold_output_filepath : 136
[DEBUG] .......... $locus : 2120
[DEBUG] .......... $new_candidates : 8160
[DEBUG] .......... $working_dir : 120
[DEBUG] .......... $genomic_seq : 304
[DEBUG] .......... $rnaeval_out_stemloop : 144
[DEBUG] .......... $output_stemloop_opt : 144
[DEBUG] .......... $this : 301450
[DEBUG] .................... TOTAL : 321245
[DEBUG] ..... BEDPipeline : compute_candidates() (boucle sur chrom and sequences)
[DEBUG] .......... $self : 331540
[DEBUG] .......... @args : 64
[DEBUG] .......... $chr : 75
[DEBUG] .......... $locus : 2120
[DEBUG] .......... @hairpin_candidates_for_chr : 14841
[DEBUG] .......... $loci_for_chr : 28201
[DEBUG] .......... $sequence_identifier : 64
[DEBUG] .......... $hairpinBuilder : 301450
[DEBUG] .................... TOTAL : 678355
[DEBUG]   - Considering sequence 4
[DEBUG]      Processing RNAstemloop output for optimal /vagrant/cgi-bin/t/functional/output/fullpipeline-bed/workspace/1/76804-77064+/rnastemloop_optimal
[DEBUG]      Running RNAeval in /vagrant/cgi-bin/t/functional/output/fullpipeline-bed/workspace/1/76804-77064+/rnaeval_optimal.out
[DEBUG]      Processing RNAstemloop output for stemloop /vagrant/cgi-bin/t/functional/output/fullpipeline-bed/workspace/1/76804-77064+/rnastemloop_stemloop
[DEBUG]      Running RNAeval in /vagrant/cgi-bin/t/functional/output/fullpipeline-bed/workspace/1/76804-77064+/rnaeval_stemloop.out
[DEBUG]      Processing RNAstemloop ( /vagrant/cgi-bin/t/functional/output/fullpipeline-bed/workspace/1/76804-77064+/rnastemloop_stemloop, /vagrant/cgi-bin/t/functional/output/fullpipeline-bed/workspace/1/76804-77064+/rnaeval_optimal.out, /vagrant/cgi-bin/t/functional/output/fullpipeline-bed/workspace/1/76804-77064+/rnaeval_stemloop.out )
[DEBUG] ..... HairpinBuilder : build_hairpins
[DEBUG] .......... $working_chr_dir : 112
[DEBUG] .......... $rnaeval_out_optimal : 144
[DEBUG] .......... @sorted_new_candidates : 2468
[DEBUG] .......... $rnalfold_output_filename : 56
[DEBUG] .......... $chr : 75
[DEBUG] .......... $output_stemloop : 144
[DEBUG] .......... $rnalfold_output_filepath : 136
[DEBUG] .......... $locus : 2120
[DEBUG] .......... $new_candidates : 2492
[DEBUG] .......... $working_dir : 120
[DEBUG] .......... $genomic_seq : 304
[DEBUG] .......... $rnaeval_out_stemloop : 144
[DEBUG] .......... $output_stemloop_opt : 144
[DEBUG] .......... $this : 301450
[DEBUG] .................... TOTAL : 309909
[DEBUG] ..... BEDPipeline : compute_candidates() (boucle sur chrom and sequences)
[DEBUG] .......... $self : 331580
[DEBUG] .......... @args : 64
[DEBUG] .......... $chr : 75
[DEBUG] .......... $locus : 2120
[DEBUG] .......... @hairpin_candidates_for_chr : 16659
[DEBUG] .......... $loci_for_chr : 28241
[DEBUG] .......... $sequence_identifier : 64
[DEBUG] .......... $hairpinBuilder : 301450
[DEBUG] .................... TOTAL : 680253
[DEBUG]   - Considering sequence 5
[DEBUG]      Processing RNAstemloop output for optimal /vagrant/cgi-bin/t/functional/output/fullpipeline-bed/workspace/1/77229-77492-/rnastemloop_optimal
[DEBUG]      Running RNAeval in /vagrant/cgi-bin/t/functional/output/fullpipeline-bed/workspace/1/77229-77492-/rnaeval_optimal.out
[DEBUG]      Processing RNAstemloop output for stemloop /vagrant/cgi-bin/t/functional/output/fullpipeline-bed/workspace/1/77229-77492-/rnastemloop_stemloop
[DEBUG]      Running RNAeval in /vagrant/cgi-bin/t/functional/output/fullpipeline-bed/workspace/1/77229-77492-/rnaeval_stemloop.out
[DEBUG]      Processing RNAstemloop ( /vagrant/cgi-bin/t/functional/output/fullpipeline-bed/workspace/1/77229-77492-/rnastemloop_stemloop, /vagrant/cgi-bin/t/functional/output/fullpipeline-bed/workspace/1/77229-77492-/rnaeval_optimal.out, /vagrant/cgi-bin/t/functional/output/fullpipeline-bed/workspace/1/77229-77492-/rnaeval_stemloop.out )
[DEBUG] ..... HairpinBuilder : build_hairpins
[DEBUG] .......... $working_chr_dir : 112
[DEBUG] .......... $rnaeval_out_optimal : 144
[DEBUG] .......... @sorted_new_candidates : 64
[DEBUG] .......... $rnalfold_output_filename : 56
[DEBUG] .......... $chr : 75
[DEBUG] .......... $output_stemloop : 144
[DEBUG] .......... $rnalfold_output_filepath : 136
[DEBUG] .......... $locus : 2120
[DEBUG] .......... $new_candidates : 88
[DEBUG] .......... $working_dir : 120
[DEBUG] .......... $genomic_seq : 312
[DEBUG] .......... $rnaeval_out_stemloop : 144
[DEBUG] .......... $output_stemloop_opt : 144
[DEBUG] .......... $this : 301450
[DEBUG] .................... TOTAL : 305109
[DEBUG] ..... BEDPipeline : compute_candidates() (boucle sur chrom and sequences)
[DEBUG] .......... $self : 331620
[DEBUG] .......... @args : 64
[DEBUG] .......... $chr : 75
[DEBUG] .......... $locus : 2120
[DEBUG] .......... @hairpin_candidates_for_chr : 16659
[DEBUG] .......... $loci_for_chr : 28281
[DEBUG] .......... $sequence_identifier : 64
[DEBUG] .......... $hairpinBuilder : 301450
[DEBUG] .................... TOTAL : 680333
[DEBUG]   - Considering sequence 6
[DEBUG]      Processing RNAstemloop output for optimal /vagrant/cgi-bin/t/functional/output/fullpipeline-bed/workspace/1/77358-77621+/rnastemloop_optimal
[DEBUG]      Running RNAeval in /vagrant/cgi-bin/t/functional/output/fullpipeline-bed/workspace/1/77358-77621+/rnaeval_optimal.out
[DEBUG]      Processing RNAstemloop output for stemloop /vagrant/cgi-bin/t/functional/output/fullpipeline-bed/workspace/1/77358-77621+/rnastemloop_stemloop
[DEBUG]      Running RNAeval in /vagrant/cgi-bin/t/functional/output/fullpipeline-bed/workspace/1/77358-77621+/rnaeval_stemloop.out
[DEBUG]      Processing RNAstemloop ( /vagrant/cgi-bin/t/functional/output/fullpipeline-bed/workspace/1/77358-77621+/rnastemloop_stemloop, /vagrant/cgi-bin/t/functional/output/fullpipeline-bed/workspace/1/77358-77621+/rnaeval_optimal.out, /vagrant/cgi-bin/t/functional/output/fullpipeline-bed/workspace/1/77358-77621+/rnaeval_stemloop.out )
[DEBUG] ..... HairpinBuilder : build_hairpins
[DEBUG] .......... $working_chr_dir : 112
[DEBUG] .......... $rnaeval_out_optimal : 144
[DEBUG] .......... @sorted_new_candidates : 64
[DEBUG] .......... $rnalfold_output_filename : 56
[DEBUG] .......... $chr : 75
[DEBUG] .......... $output_stemloop : 144
[DEBUG] .......... $rnalfold_output_filepath : 136
[DEBUG] .......... $locus : 2120
[DEBUG] .......... $new_candidates : 88
[DEBUG] .......... $working_dir : 120
[DEBUG] .......... $genomic_seq : 312
[DEBUG] .......... $rnaeval_out_stemloop : 144
[DEBUG] .......... $output_stemloop_opt : 144
[DEBUG] .......... $this : 301450
[DEBUG] .................... TOTAL : 305109
[DEBUG] ..... BEDPipeline : compute_candidates() (boucle sur chrom and sequences)
[DEBUG] .......... $self : 331660
[DEBUG] .......... @args : 64
[DEBUG] .......... $chr : 75
[DEBUG] .......... $locus : 2120
[DEBUG] .......... @hairpin_candidates_for_chr : 16659
[DEBUG] .......... $loci_for_chr : 28321
[DEBUG] .......... $sequence_identifier : 64
[DEBUG] .......... $hairpinBuilder : 301450
[DEBUG] .................... TOTAL : 680413
[DEBUG]   - Considering sequence 7
[DEBUG]      Processing RNAstemloop output for optimal /vagrant/cgi-bin/t/functional/output/fullpipeline-bed/workspace/1/78833-79130-/rnastemloop_optimal
[DEBUG]      Running RNAeval in /vagrant/cgi-bin/t/functional/output/fullpipeline-bed/workspace/1/78833-79130-/rnaeval_optimal.out
[DEBUG]      Processing RNAstemloop output for stemloop /vagrant/cgi-bin/t/functional/output/fullpipeline-bed/workspace/1/78833-79130-/rnastemloop_stemloop
[DEBUG]      Running RNAeval in /vagrant/cgi-bin/t/functional/output/fullpipeline-bed/workspace/1/78833-79130-/rnaeval_stemloop.out
[DEBUG]      Processing RNAstemloop ( /vagrant/cgi-bin/t/functional/output/fullpipeline-bed/workspace/1/78833-79130-/rnastemloop_stemloop, /vagrant/cgi-bin/t/functional/output/fullpipeline-bed/workspace/1/78833-79130-/rnaeval_optimal.out, /vagrant/cgi-bin/t/functional/output/fullpipeline-bed/workspace/1/78833-79130-/rnaeval_stemloop.out )
[DEBUG] ..... HairpinBuilder : build_hairpins
[DEBUG] .......... $working_chr_dir : 112
[DEBUG] .......... $rnaeval_out_optimal : 144
[DEBUG] .......... @sorted_new_candidates : 3695
[DEBUG] .......... $rnalfold_output_filename : 56
[DEBUG] .......... $chr : 75
[DEBUG] .......... $output_stemloop : 144
[DEBUG] .......... $rnalfold_output_filepath : 136
[DEBUG] .......... $locus : 2441
[DEBUG] .......... $new_candidates : 3719
[DEBUG] .......... $working_dir : 120
[DEBUG] .......... $genomic_seq : 344
[DEBUG] .......... $rnaeval_out_stemloop : 144
[DEBUG] .......... $output_stemloop_opt : 144
[DEBUG] .......... $this : 301450
[DEBUG] .................... TOTAL : 312724
[DEBUG] ..... BEDPipeline : compute_candidates() (boucle sur chrom and sequences)
[DEBUG] .......... $self : 331700
[DEBUG] .......... @args : 64
[DEBUG] .......... $chr : 75
[DEBUG] .......... $locus : 2441
[DEBUG] .......... @hairpin_candidates_for_chr : 19688
[DEBUG] .......... $loci_for_chr : 28361
[DEBUG] .......... $sequence_identifier : 64
[DEBUG] .......... $hairpinBuilder : 301450
[DEBUG] .................... TOTAL : 683843
[DEBUG]   - Considering sequence 8
[DEBUG]      Processing RNAstemloop output for optimal /vagrant/cgi-bin/t/functional/output/fullpipeline-bed/workspace/1/233907-234253-/rnastemloop_optimal
[DEBUG]      Running RNAeval in /vagrant/cgi-bin/t/functional/output/fullpipeline-bed/workspace/1/233907-234253-/rnaeval_optimal.out
[DEBUG]      Processing RNAstemloop output for stemloop /vagrant/cgi-bin/t/functional/output/fullpipeline-bed/workspace/1/233907-234253-/rnastemloop_stemloop
[DEBUG]      Running RNAeval in /vagrant/cgi-bin/t/functional/output/fullpipeline-bed/workspace/1/233907-234253-/rnaeval_stemloop.out
[DEBUG]      Processing RNAstemloop ( /vagrant/cgi-bin/t/functional/output/fullpipeline-bed/workspace/1/233907-234253-/rnastemloop_stemloop, /vagrant/cgi-bin/t/functional/output/fullpipeline-bed/workspace/1/233907-234253-/rnaeval_optimal.out, /vagrant/cgi-bin/t/functional/output/fullpipeline-bed/workspace/1/233907-234253-/rnaeval_stemloop.out )
[DEBUG] ..... HairpinBuilder : build_hairpins
[DEBUG] .......... $working_chr_dir : 112
[DEBUG] .......... $rnaeval_out_optimal : 144
[DEBUG] .......... @sorted_new_candidates : 2934
[DEBUG] .......... $rnalfold_output_filename : 56
[DEBUG] .......... $chr : 75
[DEBUG] .......... $output_stemloop : 144
[DEBUG] .......... $rnalfold_output_filepath : 136
[DEBUG] .......... $locus : 2441
[DEBUG] .......... $new_candidates : 2958
[DEBUG] .......... $working_dir : 128
[DEBUG] .......... $genomic_seq : 392
[DEBUG] .......... $rnaeval_out_stemloop : 144
[DEBUG] .......... $output_stemloop_opt : 144
[DEBUG] .......... $this : 301450
[DEBUG] .................... TOTAL : 311258
[DEBUG] ..... BEDPipeline : compute_candidates() (boucle sur chrom and sequences)
[DEBUG] .......... $self : 331740
[DEBUG] .......... @args : 64
[DEBUG] .......... $chr : 75
[DEBUG] .......... $locus : 2441
[DEBUG] .......... @hairpin_candidates_for_chr : 22020
[DEBUG] .......... $loci_for_chr : 28401
[DEBUG] .......... $sequence_identifier : 64
[DEBUG] .......... $hairpinBuilder : 301450
[DEBUG] .................... TOTAL : 686255
[DEBUG]   - Considering sequence 9
[DEBUG]      Processing RNAstemloop output for optimal /vagrant/cgi-bin/t/functional/output/fullpipeline-bed/workspace/1/238261-238841+/rnastemloop_optimal
[DEBUG]      Running RNAeval in /vagrant/cgi-bin/t/functional/output/fullpipeline-bed/workspace/1/238261-238841+/rnaeval_optimal.out
[DEBUG]      Processing RNAstemloop output for stemloop /vagrant/cgi-bin/t/functional/output/fullpipeline-bed/workspace/1/238261-238841+/rnastemloop_stemloop
[DEBUG]      Running RNAeval in /vagrant/cgi-bin/t/functional/output/fullpipeline-bed/workspace/1/238261-238841+/rnaeval_stemloop.out
[DEBUG]      Processing RNAstemloop ( /vagrant/cgi-bin/t/functional/output/fullpipeline-bed/workspace/1/238261-238841+/rnastemloop_stemloop, /vagrant/cgi-bin/t/functional/output/fullpipeline-bed/workspace/1/238261-238841+/rnaeval_optimal.out, /vagrant/cgi-bin/t/functional/output/fullpipeline-bed/workspace/1/238261-238841+/rnaeval_stemloop.out )
[DEBUG] ..... HairpinBuilder : build_hairpins
[DEBUG] .......... $working_chr_dir : 112
[DEBUG] .......... $rnaeval_out_optimal : 144
[DEBUG] .......... @sorted_new_candidates : 3092
[DEBUG] .......... $rnalfold_output_filename : 56
[DEBUG] .......... $chr : 75
[DEBUG] .......... $output_stemloop : 144
[DEBUG] .......... $rnalfold_output_filepath : 136
[DEBUG] .......... $locus : 6352
[DEBUG] .......... $new_candidates : 3116
[DEBUG] .......... $working_dir : 128
[DEBUG] .......... $genomic_seq : 624
[DEBUG] .......... $rnaeval_out_stemloop : 144
[DEBUG] .......... $output_stemloop_opt : 144
[DEBUG] .......... $this : 301450
[DEBUG] .................... TOTAL : 315717
[DEBUG] ..... BEDPipeline : compute_candidates() (boucle sur chrom and sequences)
[DEBUG] .......... $self : 331780
[DEBUG] .......... @args : 64
[DEBUG] .......... $chr : 75
[DEBUG] .......... $locus : 6352
[DEBUG] .......... @hairpin_candidates_for_chr : 24446
[DEBUG] .......... $loci_for_chr : 28441
[DEBUG] .......... $sequence_identifier : 64
[DEBUG] .......... $hairpinBuilder : 301450
[DEBUG] .................... TOTAL : 692672
[DEBUG]   - Considering sequence 10
[DEBUG]      Processing RNAstemloop output for optimal /vagrant/cgi-bin/t/functional/output/fullpipeline-bed/workspace/1/239113-239426+/rnastemloop_optimal
[DEBUG]      Running RNAeval in /vagrant/cgi-bin/t/functional/output/fullpipeline-bed/workspace/1/239113-239426+/rnaeval_optimal.out
[DEBUG]      Processing RNAstemloop output for stemloop /vagrant/cgi-bin/t/functional/output/fullpipeline-bed/workspace/1/239113-239426+/rnastemloop_stemloop
[DEBUG]      Running RNAeval in /vagrant/cgi-bin/t/functional/output/fullpipeline-bed/workspace/1/239113-239426+/rnaeval_stemloop.out
[DEBUG]      Processing RNAstemloop ( /vagrant/cgi-bin/t/functional/output/fullpipeline-bed/workspace/1/239113-239426+/rnastemloop_stemloop, /vagrant/cgi-bin/t/functional/output/fullpipeline-bed/workspace/1/239113-239426+/rnaeval_optimal.out, /vagrant/cgi-bin/t/functional/output/fullpipeline-bed/workspace/1/239113-239426+/rnaeval_stemloop.out )
[DEBUG] ..... HairpinBuilder : build_hairpins
[DEBUG] .......... $working_chr_dir : 112
[DEBUG] .......... $rnaeval_out_optimal : 144
[DEBUG] .......... @sorted_new_candidates : 64
[DEBUG] .......... $rnalfold_output_filename : 56
[DEBUG] .......... $chr : 75
[DEBUG] .......... $output_stemloop : 144
[DEBUG] .......... $rnalfold_output_filepath : 136
[DEBUG] .......... $locus : 2888
[DEBUG] .......... $new_candidates : 88
[DEBUG] .......... $working_dir : 128
[DEBUG] .......... $genomic_seq : 360
[DEBUG] .......... $rnaeval_out_stemloop : 144
[DEBUG] .......... $output_stemloop_opt : 144
[DEBUG] .......... $this : 301450
[DEBUG] .................... TOTAL : 305933
[DEBUG] ..... BEDPipeline : compute_candidates() (boucle sur chrom and sequences)
[DEBUG] .......... $self : 331820
[DEBUG] .......... @args : 64
[DEBUG] .......... $chr : 75
[DEBUG] .......... $locus : 2888
[DEBUG] .......... @hairpin_candidates_for_chr : 24446
[DEBUG] .......... $loci_for_chr : 28481
[DEBUG] .......... $sequence_identifier : 64
[DEBUG] .......... $hairpinBuilder : 301450
[DEBUG] .................... TOTAL : 689288
[DEBUG]   - Considering sequence 11
[DEBUG]      Processing RNAstemloop output for optimal /vagrant/cgi-bin/t/functional/output/fullpipeline-bed/workspace/1/258287-258708+/rnastemloop_optimal
[DEBUG]      Running RNAeval in /vagrant/cgi-bin/t/functional/output/fullpipeline-bed/workspace/1/258287-258708+/rnaeval_optimal.out
[DEBUG]      Processing RNAstemloop output for stemloop /vagrant/cgi-bin/t/functional/output/fullpipeline-bed/workspace/1/258287-258708+/rnastemloop_stemloop
[DEBUG]      Running RNAeval in /vagrant/cgi-bin/t/functional/output/fullpipeline-bed/workspace/1/258287-258708+/rnaeval_stemloop.out
[DEBUG]      Processing RNAstemloop ( /vagrant/cgi-bin/t/functional/output/fullpipeline-bed/workspace/1/258287-258708+/rnastemloop_stemloop, /vagrant/cgi-bin/t/functional/output/fullpipeline-bed/workspace/1/258287-258708+/rnaeval_optimal.out, /vagrant/cgi-bin/t/functional/output/fullpipeline-bed/workspace/1/258287-258708+/rnaeval_stemloop.out )
[DEBUG] ..... HairpinBuilder : build_hairpins
[DEBUG] .......... $working_chr_dir : 112
[DEBUG] .......... $rnaeval_out_optimal : 144
[DEBUG] .......... @sorted_new_candidates : 5588
[DEBUG] .......... $rnalfold_output_filename : 56
[DEBUG] .......... $chr : 75
[DEBUG] .......... $output_stemloop : 144
[DEBUG] .......... $rnalfold_output_filepath : 136
[DEBUG] .......... $locus : 4048
[DEBUG] .......... $new_candidates : 5612
[DEBUG] .......... $working_dir : 128
[DEBUG] .......... $genomic_seq : 464
[DEBUG] .......... $rnaeval_out_stemloop : 144
[DEBUG] .......... $output_stemloop_opt : 144
[DEBUG] .......... $this : 301450
[DEBUG] .................... TOTAL : 318245
[DEBUG] ..... BEDPipeline : compute_candidates() (boucle sur chrom and sequences)
[DEBUG] .......... $self : 331860
[DEBUG] .......... @args : 64
[DEBUG] .......... $chr : 75
[DEBUG] .......... $locus : 4048
[DEBUG] .......... @hairpin_candidates_for_chr : 29368
[DEBUG] .......... $loci_for_chr : 28521
[DEBUG] .......... $sequence_identifier : 64
[DEBUG] .......... $hairpinBuilder : 301450
[DEBUG] .................... TOTAL : 695450
[DEBUG]   - Process hairpin candidates
[DEBUG]      Select only sequences with MFEI < -0.6
[DEBUG]      Merging candidates
[DEBUG] ..... PrecursorBuilder : process_hairpin_candidates
[DEBUG] .......... %candidates_hash : 27365
[DEBUG] .......... @candidates_array : 24726
[DEBUG] .......... $self : 578
[DEBUG] .......... @args : 96
[DEBUG] .......... $candidates_array : 29712
[DEBUG] .......... $cfg : 4534
[DEBUG] .................... TOTAL : 87011
[DEBUG]   - Process miRNA candidates
[DEBUG]      - Process candidate 1
[DEBUG] ..... PrecursorBuilder : run_pipeline_on_candidate
[DEBUG] .......... $candidate_dir : 128
[DEBUG] .......... $self : 578
[DEBUG] .......... @args : 96
[DEBUG] .......... $alternatives : 88
[DEBUG] .......... $candidate : 2807
[DEBUG] .......... $candidate_full_identifier : 56
[DEBUG] .......... $candidate_ref : 2444
[DEBUG] .......... $candidate_identifier : 64
[DEBUG] .......... $candidatejob : 3278
[DEBUG] .................... TOTAL : 9539
[DEBUG]         Running test_alignment on /vagrant/cgi-bin/t/functional/output/fullpipeline-bed/workspace/1/18066-18338+/1/outRNAFold_stemloop.txt
Unexpected character in sequence: 'N'. Replacing it by A.
Unexpected character in sequence: 'N'. Replacing it by A.
Unexpected character in sequence: 'N'. Replacing it by A.
Unexpected character in sequence: 'N'. Replacing it by A.
Unexpected character in sequence: 'N'. Replacing it by A.
Unexpected character in sequence: 'N'. Replacing it by A.
Unexpected character in sequence: 'N'. Replacing it by A.
Unexpected character in sequence: 'N'. Replacing it by A.
[DEBUG]         /vagrant/cgi-bin/programs/RNAcomp -r /vagrant/cgi-bin/data/MirbaseFile.txt -i /vagrant/cgi-bin/t/functional/output/fullpipeline-bed/workspace/1/18066-18338+/1/seqWithN.txt --all > /vagrant/cgi-bin/t/functional/output/fullpipeline-bed/workspace/1/18066-18338+/1/alignement.txt
[DEBUG]      - Process candidate 2
[DEBUG] ..... PrecursorBuilder : run_pipeline_on_candidate
[DEBUG] .......... $candidate_dir : 128
[DEBUG] .......... $self : 578
[DEBUG] .......... @args : 96
[DEBUG] .......... $alternatives : 88
[DEBUG] .......... $candidate : 3201
[DEBUG] .......... $candidate_full_identifier : 56
[DEBUG] .......... $candidate_ref : 2838
[DEBUG] .......... $candidate_identifier : 64
[DEBUG] .......... $candidatejob : 3672
[DEBUG] .................... TOTAL : 10721
[DEBUG]         Running test_alignment on /vagrant/cgi-bin/t/functional/output/fullpipeline-bed/workspace/1/233907-234253-/2/outRNAFold_stemloop.txt
Unexpected character in sequence: 'N'. Replacing it by A.
Unexpected character in sequence: 'N'. Replacing it by A.
Unexpected character in sequence: 'N'. Replacing it by A.
Unexpected character in sequence: 'N'. Replacing it by A.
Unexpected character in sequence: 'N'. Replacing it by A.
Unexpected character in sequence: 'N'. Replacing it by A.
[DEBUG]         /vagrant/cgi-bin/programs/RNAcomp -r /vagrant/cgi-bin/data/MirbaseFile.txt -i /vagrant/cgi-bin/t/functional/output/fullpipeline-bed/workspace/1/233907-234253-/2/seqWithN.txt --all > /vagrant/cgi-bin/t/functional/output/fullpipeline-bed/workspace/1/233907-234253-/2/alignement.txt
[DEBUG]      - Process candidate 3
[DEBUG] ..... PrecursorBuilder : run_pipeline_on_candidate
[DEBUG] .......... $candidate_dir : 128
[DEBUG] .......... $self : 578
[DEBUG] .......... @args : 96
[DEBUG] .......... $alternatives : 88
[DEBUG] .......... $candidate : 3359
[DEBUG] .......... $candidate_full_identifier : 56
[DEBUG] .......... $candidate_ref : 2996
[DEBUG] .......... $candidate_identifier : 64
[DEBUG] .......... $candidatejob : 3830
[DEBUG] .................... TOTAL : 11195
[DEBUG]         Running test_alignment on /vagrant/cgi-bin/t/functional/output/fullpipeline-bed/workspace/1/238261-238841+/3/outRNAFold_stemloop.txt
Unexpected character in sequence: 'N'. Replacing it by A.
Unexpected character in sequence: 'N'. Replacing it by A.
Unexpected character in sequence: 'N'. Replacing it by A.
Unexpected character in sequence: 'N'. Replacing it by A.
Unexpected character in sequence: 'N'. Replacing it by A.
Unexpected character in sequence: 'N'. Replacing it by A.
[DEBUG]         /vagrant/cgi-bin/programs/RNAcomp -r /vagrant/cgi-bin/data/MirbaseFile.txt -i /vagrant/cgi-bin/t/functional/output/fullpipeline-bed/workspace/1/238261-238841+/3/seqWithN.txt --all > /vagrant/cgi-bin/t/functional/output/fullpipeline-bed/workspace/1/238261-238841+/3/alignement.txt
[DEBUG]      - Process candidate 4
[DEBUG] ..... PrecursorBuilder : run_pipeline_on_candidate
[DEBUG] .......... $candidate_dir : 128
[DEBUG] .......... $self : 578
[DEBUG] .......... @args : 96
[DEBUG] .......... $alternatives : 88
[DEBUG] .......... $candidate : 3108
[DEBUG] .......... $candidate_full_identifier : 56
[DEBUG] .......... $candidate_ref : 2745
[DEBUG] .......... $candidate_identifier : 64
[DEBUG] .......... $candidatejob : 3579
[DEBUG] .................... TOTAL : 10442
[DEBUG]         Running test_alignment on /vagrant/cgi-bin/t/functional/output/fullpipeline-bed/workspace/1/28435-28755+/4/outRNAFold_stemloop.txt
Unexpected character in sequence: 'N'. Replacing it by A.
Unexpected character in sequence: 'N'. Replacing it by A.
Unexpected character in sequence: 'N'. Replacing it by A.
Unexpected character in sequence: 'N'. Replacing it by A.
Unexpected character in sequence: 'N'. Replacing it by A.
Unexpected character in sequence: 'N'. Replacing it by A.
[DEBUG]         /vagrant/cgi-bin/programs/RNAcomp -r /vagrant/cgi-bin/data/MirbaseFile.txt -i /vagrant/cgi-bin/t/functional/output/fullpipeline-bed/workspace/1/28435-28755+/4/seqWithN.txt --all > /vagrant/cgi-bin/t/functional/output/fullpipeline-bed/workspace/1/28435-28755+/4/alignement.txt
[DEBUG]      - Process candidate 5
[DEBUG] ..... PrecursorBuilder : run_pipeline_on_candidate
[DEBUG] .......... $candidate_dir : 128
[DEBUG] .......... $self : 578
[DEBUG] .......... @args : 96
[DEBUG] .......... $alternatives : 88
[DEBUG] .......... $candidate : 3589
[DEBUG] .......... $candidate_full_identifier : 56
[DEBUG] .......... $candidate_ref : 3226
[DEBUG] .......... $candidate_identifier : 64
[DEBUG] .......... $candidatejob : 4060
[DEBUG] .................... TOTAL : 11885
[DEBUG]         Running test_alignment on /vagrant/cgi-bin/t/functional/output/fullpipeline-bed/workspace/1/55821-56324-/5/outRNAFold_stemloop.txt
Unexpected character in sequence: 'N'. Replacing it by A.
Unexpected character in sequence: 'N'. Replacing it by A.
Unexpected character in sequence: 'N'. Replacing it by A.
Unexpected character in sequence: 'N'. Replacing it by A.
Unexpected character in sequence: 'N'. Replacing it by A.
Unexpected character in sequence: 'N'. Replacing it by A.
[DEBUG]         /vagrant/cgi-bin/programs/RNAcomp -r /vagrant/cgi-bin/data/MirbaseFile.txt -i /vagrant/cgi-bin/t/functional/output/fullpipeline-bed/workspace/1/55821-56324-/5/seqWithN.txt --all > /vagrant/cgi-bin/t/functional/output/fullpipeline-bed/workspace/1/55821-56324-/5/alignement.txt
[DEBUG]      - Process candidate 6
[DEBUG] ..... PrecursorBuilder : run_pipeline_on_candidate
[DEBUG] .......... $candidate_dir : 128
[DEBUG] .......... $self : 578
[DEBUG] .......... @args : 96
[DEBUG] .......... $alternatives : 88
[DEBUG] .......... $candidate : 8403
[DEBUG] .......... $candidate_full_identifier : 56
[DEBUG] .......... $candidate_ref : 8040
[DEBUG] .......... $candidate_identifier : 64
[DEBUG] .......... $candidatejob : 8874
[DEBUG] .................... TOTAL : 26327
[DEBUG]         Running test_alignment on /vagrant/cgi-bin/t/functional/output/fullpipeline-bed/workspace/1/56385-56643+/6/outRNAFold_stemloop.txt
Unexpected character in sequence: 'N'. Replacing it by A.
Unexpected character in sequence: 'N'. Replacing it by A.
Unexpected character in sequence: 'N'. Replacing it by A.
Unexpected character in sequence: 'N'. Replacing it by A.
Unexpected character in sequence: 'N'. Replacing it by A.
Unexpected character in sequence: 'N'. Replacing it by A.
Unexpected character in sequence: 'N'. Replacing it by A.
Unexpected character in sequence: 'N'. Replacing it by A.
Unexpected character in sequence: 'N'. Replacing it by A.
Unexpected character in sequence: 'N'. Replacing it by A.
Unexpected character in sequence: 'N'. Replacing it by A.
Unexpected character in sequence: 'N'. Replacing it by A.
Unexpected character in sequence: 'N'. Replacing it by A.
Unexpected character in sequence: 'N'. Replacing it by A.
Unexpected character in sequence: 'N'. Replacing it by A.
Unexpected character in sequence: 'N'. Replacing it by A.
Unexpected character in sequence: 'N'. Replacing it by A.
Unexpected character in sequence: 'N'. Replacing it by A.
Unexpected character in sequence: 'N'. Replacing it by A.
Unexpected character in sequence: 'N'. Replacing it by A.
Unexpected character in sequence: 'N'. Replacing it by A.
Unexpected character in sequence: 'N'. Replacing it by A.
Unexpected character in sequence: 'N'. Replacing it by A.
Unexpected character in sequence: 'N'. Replacing it by A.
Unexpected character in sequence: 'N'. Replacing it by A.
Unexpected character in sequence: 'N'. Replacing it by A.
Unexpected character in sequence: 'N'. Replacing it by A.
Unexpected character in sequence: 'N'. Replacing it by A.
Unexpected character in sequence: 'N'. Replacing it by A.
Unexpected character in sequence: 'N'. Replacing it by A.
Unexpected character in sequence: 'N'. Replacing it by A.
Unexpected character in sequence: 'N'. Replacing it by A.
Unexpected character in sequence: 'N'. Replacing it by A.
Unexpected character in sequence: 'N'. Replacing it by A.
Unexpected character in sequence: 'N'. Replacing it by A.
Unexpected character in sequence: 'N'. Replacing it by A.
Unexpected character in sequence: 'N'. Replacing it by A.
Unexpected character in sequence: 'N'. Replacing it by A.
Unexpected character in sequence: 'N'. Replacing it by A.
Unexpected character in sequence: 'N'. Replacing it by A.
Unexpected character in sequence: 'N'. Replacing it by A.
Unexpected character in sequence: 'N'. Replacing it by A.
Unexpected character in sequence: 'N'. Replacing it by A.
Unexpected character in sequence: 'N'. Replacing it by A.
Unexpected character in sequence: 'N'. Replacing it by A.
Unexpected character in sequence: 'N'. Replacing it by A.
Unexpected character in sequence: 'N'. Replacing it by A.
Unexpected character in sequence: 'N'. Replacing it by A.
Unexpected character in sequence: 'N'. Replacing it by A.
Unexpected character in sequence: 'N'. Replacing it by A.
Unexpected character in sequence: 'N'. Replacing it by A.
Unexpected character in sequence: 'N'. Replacing it by A.
Unexpected character in sequence: 'N'. Replacing it by A.
Unexpected character in sequence: 'N'. Replacing it by A.
Unexpected character in sequence: 'N'. Replacing it by A.
Unexpected character in sequence: 'N'. Replacing it by A.
Unexpected character in sequence: 'N'. Replacing it by A.
Unexpected character in sequence: 'N'. Replacing it by A.
Unexpected character in sequence: 'N'. Replacing it by A.
Unexpected character in sequence: 'N'. Replacing it by A.
Unexpected character in sequence: 'N'. Replacing it by A.
Unexpected character in sequence: 'N'. Replacing it by A.
Unexpected character in sequence: 'N'. Replacing it by A.
Unexpected character in sequence: 'N'. Replacing it by A.
Unexpected character in sequence: 'N'. Replacing it by A.
Unexpected character in sequence: 'N'. Replacing it by A.
Unexpected character in sequence: 'N'. Replacing it by A.
Unexpected character in sequence: 'N'. Replacing it by A.
Unexpected character in sequence: 'N'. Replacing it by A.
Unexpected character in sequence: 'N'. Replacing it by A.
Unexpected character in sequence: 'N'. Replacing it by A.
Unexpected character in sequence: 'N'. Replacing it by A.
Unexpected character in sequence: 'N'. Replacing it by A.
Unexpected character in sequence: 'N'. Replacing it by A.
Unexpected character in sequence: 'N'. Replacing it by A.
Unexpected character in sequence: 'N'. Replacing it by A.
Unexpected character in sequence: 'N'. Replacing it by A.
Unexpected character in sequence: 'N'. Replacing it by A.
Unexpected character in sequence: 'N'. Replacing it by A.
Unexpected character in sequence: 'N'. Replacing it by A.
Unexpected character in sequence: 'N'. Replacing it by A.
Unexpected character in sequence: 'N'. Replacing it by A.
Unexpected character in sequence: 'N'. Replacing it by A.
Unexpected character in sequence: 'N'. Replacing it by A.
Unexpected character in sequence: 'N'. Replacing it by A.
Unexpected character in sequence: 'N'. Replacing it by A.
Unexpected character in sequence: 'N'. Replacing it by A.
Unexpected character in sequence: 'N'. Replacing it by A.
Unexpected character in sequence: 'N'. Replacing it by A.
Unexpected character in sequence: 'N'. Replacing it by A.
Unexpected character in sequence: 'N'. Replacing it by A.
Unexpected character in sequence: 'N'. Replacing it by A.
Unexpected character in sequence: 'N'. Replacing it by A.
Unexpected character in sequence: 'N'. Replacing it by A.
Unexpected character in sequence: 'N'. Replacing it by A.
Unexpected character in sequence: 'N'. Replacing it by A.
Unexpected character in sequence: 'N'. Replacing it by A.
Unexpected character in sequence: 'N'. Replacing it by A.
Unexpected character in sequence: 'N'. Replacing it by A.
Unexpected character in sequence: 'N'. Replacing it by A.
Unexpected character in sequence: 'N'. Replacing it by A.
Unexpected character in sequence: 'N'. Replacing it by A.
Unexpected character in sequence: 'N'. Replacing it by A.
Unexpected character in sequence: 'N'. Replacing it by A.
Unexpected character in sequence: 'N'. Replacing it by A.
Unexpected character in sequence: 'N'. Replacing it by A.
Unexpected character in sequence: 'N'. Replacing it by A.
Unexpected character in sequence: 'N'. Replacing it by A.
Unexpected character in sequence: 'N'. Replacing it by A.
Unexpected character in sequence: 'N'. Replacing it by A.
Unexpected character in sequence: 'N'. Replacing it by A.
Unexpected character in sequence: 'N'. Replacing it by A.
Unexpected character in sequence: 'N'. Replacing it by A.
Unexpected character in sequence: 'N'. Replacing it by A.
Unexpected character in sequence: 'N'. Replacing it by A.
Unexpected character in sequence: 'N'. Replacing it by A.
Unexpected character in sequence: 'N'. Replacing it by A.
Unexpected character in sequence: 'N'. Replacing it by A.
Unexpected character in sequence: 'N'. Replacing it by A.
Unexpected character in sequence: 'N'. Replacing it by A.
Unexpected character in sequence: 'N'. Replacing it by A.
Unexpected character in sequence: 'N'. Replacing it by A.
Unexpected character in sequence: 'N'. Replacing it by A.
Unexpected character in sequence: 'N'. Replacing it by A.
Unexpected character in sequence: 'N'. Replacing it by A.
Unexpected character in sequence: 'N'. Replacing it by A.
Unexpected character in sequence: 'N'. Replacing it by A.
Unexpected character in sequence: 'N'. Replacing it by A.
Unexpected character in sequence: 'N'. Replacing it by A.
Unexpected character in sequence: 'N'. Replacing it by A.
Unexpected character in sequence: 'N'. Replacing it by A.
Unexpected character in sequence: 'N'. Replacing it by A.
Unexpected character in sequence: 'N'. Replacing it by A.
Unexpected character in sequence: 'N'. Replacing it by A.
Unexpected character in sequence: 'N'. Replacing it by A.
Unexpected character in sequence: 'N'. Replacing it by A.
Unexpected character in sequence: 'N'. Replacing it by A.
Unexpected character in sequence: 'N'. Replacing it by A.
Unexpected character in sequence: 'N'. Replacing it by A.
Unexpected character in sequence: 'N'. Replacing it by A.
Unexpected character in sequence: 'N'. Replacing it by A.
Unexpected character in sequence: 'N'. Replacing it by A.
Unexpected character in sequence: 'N'. Replacing it by A.
Unexpected character in sequence: 'N'. Replacing it by A.
Unexpected character in sequence: 'N'. Replacing it by A.
Unexpected character in sequence: 'N'. Replacing it by A.
Unexpected character in sequence: 'N'. Replacing it by A.
Unexpected character in sequence: 'N'. Replacing it by A.
Unexpected character in sequence: 'N'. Replacing it by A.
Unexpected character in sequence: 'N'. Replacing it by A.
Unexpected character in sequence: 'N'. Replacing it by A.
Unexpected character in sequence: 'N'. Replacing it by A.
Unexpected character in sequence: 'N'. Replacing it by A.
Unexpected character in sequence: 'N'. Replacing it by A.
Unexpected character in sequence: 'N'. Replacing it by A.
Unexpected character in sequence: 'N'. Replacing it by A.
Unexpected character in sequence: 'N'. Replacing it by A.
Unexpected character in sequence: 'N'. Replacing it by A.
Unexpected character in sequence: 'N'. Replacing it by A.
Unexpected character in sequence: 'N'. Replacing it by A.
Unexpected character in sequence: 'N'. Replacing it by A.
Unexpected character in sequence: 'N'. Replacing it by A.
Unexpected character in sequence: 'N'. Replacing it by A.
Unexpected character in sequence: 'N'. Replacing it by A.
Unexpected character in sequence: 'N'. Replacing it by A.
Unexpected character in sequence: 'N'. Replacing it by A.
Unexpected character in sequence: 'N'. Replacing it by A.
Unexpected character in sequence: 'N'. Replacing it by A.
Unexpected character in sequence: 'N'. Replacing it by A.
Unexpected character in sequence: 'N'. Replacing it by A.
Unexpected character in sequence: 'N'. Replacing it by A.
Unexpected character in sequence: 'N'. Replacing it by A.
[DEBUG]         /vagrant/cgi-bin/programs/RNAcomp -r /vagrant/cgi-bin/data/MirbaseFile.txt -i /vagrant/cgi-bin/t/functional/output/fullpipeline-bed/workspace/1/56385-56643+/6/seqWithN.txt --all > /vagrant/cgi-bin/t/functional/output/fullpipeline-bed/workspace/1/56385-56643+/6/alignement.txt
[DEBUG]      - Process candidate 7
[DEBUG] ..... PrecursorBuilder : run_pipeline_on_candidate
[DEBUG] .......... $candidate_dir : 128
[DEBUG] .......... $self : 578
[DEBUG] .......... @args : 96
[DEBUG] .......... $alternatives : 88
[DEBUG] .......... $candidate : 2735
[DEBUG] .......... $candidate_full_identifier : 56
[DEBUG] .......... $candidate_ref : 2372
[DEBUG] .......... $candidate_identifier : 64
[DEBUG] .......... $candidatejob : 3206
[DEBUG] .................... TOTAL : 9323
[DEBUG]         Running test_alignment on /vagrant/cgi-bin/t/functional/output/fullpipeline-bed/workspace/1/76804-77064+/7/outRNAFold_stemloop.txt
Unexpected character in sequence: 'N'. Replacing it by A.
Unexpected character in sequence: 'N'. Replacing it by A.
Unexpected character in sequence: 'N'. Replacing it by A.
Unexpected character in sequence: 'N'. Replacing it by A.
Unexpected character in sequence: 'N'. Replacing it by A.
[DEBUG]         /vagrant/cgi-bin/programs/RNAcomp -r /vagrant/cgi-bin/data/MirbaseFile.txt -i /vagrant/cgi-bin/t/functional/output/fullpipeline-bed/workspace/1/76804-77064+/7/seqWithN.txt --all > /vagrant/cgi-bin/t/functional/output/fullpipeline-bed/workspace/1/76804-77064+/7/alignement.txt
[DEBUG]      - Process candidate 8
[DEBUG] ..... PrecursorBuilder : run_pipeline_on_candidate
[DEBUG] .......... $candidate_dir : 128
[DEBUG] .......... $self : 578
[DEBUG] .......... @args : 96
[DEBUG] .......... $alternatives : 88
[DEBUG] .......... $candidate : 3962
[DEBUG] .......... $candidate_full_identifier : 56
[DEBUG] .......... $candidate_ref : 3599
[DEBUG] .......... $candidate_identifier : 64
[DEBUG] .......... $candidatejob : 4433
[DEBUG] .................... TOTAL : 13004
[DEBUG]         Running test_alignment on /vagrant/cgi-bin/t/functional/output/fullpipeline-bed/workspace/1/78833-79130-/8/outRNAFold_stemloop.txt
Unexpected character in sequence: 'N'. Replacing it by A.
Unexpected character in sequence: 'N'. Replacing it by A.
Unexpected character in sequence: 'N'. Replacing it by A.
Unexpected character in sequence: 'N'. Replacing it by A.
Unexpected character in sequence: 'N'. Replacing it by A.
Unexpected character in sequence: 'N'. Replacing it by A.
Unexpected character in sequence: 'N'. Replacing it by A.
Unexpected character in sequence: 'N'. Replacing it by A.
Unexpected character in sequence: 'N'. Replacing it by A.
Unexpected character in sequence: 'N'. Replacing it by A.
Unexpected character in sequence: 'N'. Replacing it by A.
Unexpected character in sequence: 'N'. Replacing it by A.
Unexpected character in sequence: 'N'. Replacing it by A.
Unexpected character in sequence: 'N'. Replacing it by A.
Unexpected character in sequence: 'N'. Replacing it by A.
Unexpected character in sequence: 'N'. Replacing it by A.
Unexpected character in sequence: 'N'. Replacing it by A.
Unexpected character in sequence: 'N'. Replacing it by A.
Unexpected character in sequence: 'N'. Replacing it by A.
Unexpected character in sequence: 'N'. Replacing it by A.
Unexpected character in sequence: 'N'. Replacing it by A.
Unexpected character in sequence: 'N'. Replacing it by A.
Unexpected character in sequence: 'N'. Replacing it by A.
Unexpected character in sequence: 'N'. Replacing it by A.
Unexpected character in sequence: 'N'. Replacing it by A.
Unexpected character in sequence: 'N'. Replacing it by A.
Unexpected character in sequence: 'N'. Replacing it by A.
Unexpected character in sequence: 'N'. Replacing it by A.
Unexpected character in sequence: 'N'. Replacing it by A.
Unexpected character in sequence: 'N'. Replacing it by A.
Unexpected character in sequence: 'N'. Replacing it by A.
Unexpected character in sequence: 'N'. Replacing it by A.
Unexpected character in sequence: 'N'. Replacing it by A.
Unexpected character in sequence: 'N'. Replacing it by A.
Unexpected character in sequence: 'N'. Replacing it by A.
Unexpected character in sequence: 'N'. Replacing it by A.
Unexpected character in sequence: 'N'. Replacing it by A.
Unexpected character in sequence: 'N'. Replacing it by A.
Unexpected character in sequence: 'N'. Replacing it by A.
Unexpected character in sequence: 'N'. Replacing it by A.
Unexpected character in sequence: 'N'. Replacing it by A.
Unexpected character in sequence: 'N'. Replacing it by A.
Unexpected character in sequence: 'N'. Replacing it by A.
Unexpected character in sequence: 'N'. Replacing it by A.
Unexpected character in sequence: 'N'. Replacing it by A.
[DEBUG]         /vagrant/cgi-bin/programs/RNAcomp -r /vagrant/cgi-bin/data/MirbaseFile.txt -i /vagrant/cgi-bin/t/functional/output/fullpipeline-bed/workspace/1/78833-79130-/8/seqWithN.txt --all > /vagrant/cgi-bin/t/functional/output/fullpipeline-bed/workspace/1/78833-79130-/8/alignement.txt
[Fri Mar 20 14:06:00 2015] mirkwood-bed.pl: Use of uninitialized value $structure in string at /vagrant/cgi-bin/t/functional/../../lib/miRkwood/Candidate.pm line 214.
[Fri Mar 20 14:06:00 2015] mirkwood-bed.pl: Use of uninitialized value in string ne at /vagrant/cgi-bin/t/functional/../../lib/miRkwood/CLI.pm line 201.
[Fri Mar 20 14:06:00 2015] mirkwood-bed.pl: Use of uninitialized value $structure in string at /vagrant/cgi-bin/t/functional/../../lib/miRkwood/Candidate.pm line 214.
[Fri Mar 20 14:06:00 2015] mirkwood-bed.pl: Use of uninitialized value in string ne at /vagrant/cgi-bin/t/functional/../../lib/miRkwood/CLI.pm line 201.
[Fri Mar 20 14:06:00 2015] mirkwood-bed.pl: Use of uninitialized value $structure in string at /vagrant/cgi-bin/t/functional/../../lib/miRkwood/Candidate.pm line 214.
[Fri Mar 20 14:06:00 2015] mirkwood-bed.pl: Use of uninitialized value in string ne at /vagrant/cgi-bin/t/functional/../../lib/miRkwood/CLI.pm line 201.
[DEBUG] ..... PrecursorBuilder : process_mirna_candidates
[DEBUG] .......... %candidates_hash : 187079
[DEBUG] .......... $candidate_identifier : 64
[DEBUG] .......... $self : 578
[DEBUG] .......... @args : 96
[DEBUG] .......... @candidates_result : 311125
[DEBUG] .................... TOTAL : 498942
[DEBUG] ..... BEDPipeline : compute_candidates() (sort candidates)
[DEBUG] .......... $self : 353367
[DEBUG] .......... @args : 64
[DEBUG] .......... $precursorBuilderJob : 578
[DEBUG] .......... $chr : 75
[DEBUG] .......... $final_candidates_hash : 317541
[DEBUG] .......... $candidates_hash : 24
[DEBUG] .......... @sorted_hairpin_candidates_for_chr : 30008
[DEBUG] .......... @hairpin_candidates_for_chr : 64
[DEBUG] .......... $loci_for_chr : 28521
[DEBUG] .......... $sequence_identifier : 64
[DEBUG] .......... $hairpinBuilder : 24
[DEBUG] .................... TOTAL : 730330
[DEBUG] - Considering chromosome 4
[DEBUG] - Considering chromosome 3
[DEBUG] - Considering chromosome chloroplast
[DEBUG] - Considering chromosome 2
[DEBUG] - Considering chromosome mitochondria
[DEBUG] - Considering chromosome 5
[DEBUG] miRkwood processing done
[DEBUG] Writing finish file
